<?xml version="1.0" encoding="UTF-8"?>
<!-- Generated by org.testng.reporters.JUnitReportReporter -->
<testsuite hostname="DESKTOP-3OONJHS" failures="0" tests="4" name="magentoSoftwareTestingProject2.MagentoSoftwareTesting" time="18.065" errors="0" timestamp="2024-09-19T03:39:54 AST" skipped="0">
  <testcase classname="magentoSoftwareTestingProject2.MagentoSoftwareTesting" name="createAnAccountTest" time="12.449"/>
  <system-out/>
  <testcase classname="magentoSoftwareTestingProject2.MagentoSoftwareTesting" name="signUp" time="1.231"/>
  <system-out/>
  <testcase classname="magentoSoftwareTestingProject2.MagentoSoftwareTesting" name="signIn" time="4.382"/>
  <system-out/>
  <testcase classname="magentoSoftwareTestingProject2.MagentoSoftwareTesting" name="addBagsItems" time="0.003"/>
  <system-out/>
</testsuite> <!-- magentoSoftwareTestingProject2.MagentoSoftwareTesting -->
